TN:
SF:standard/globalify/_globalify.ts
FN:4,globalify
FN:10,namespace
FNF:2
FNH:2
FNDA:2,globalify
FNDA:1,namespace
DA:1,1
DA:2,1
DA:3,1
DA:4,2
DA:5,2
DA:6,2
DA:7,1
DA:8,1
DA:9,1
DA:10,1
DA:11,1
DA:12,1
DA:13,1
DA:14,1
DA:15,1
DA:16,1
DA:17,3
DA:18,3
DA:19,3
DA:20,3
DA:21,1
DA:22,1
DA:23,3
DA:24,0
DA:25,1
DA:26,1
DA:27,1
DA:28,1
LF:28
LH:27
BRDA:8,0,0,0
BRDA:26,1,0,0
BRDA:4,2,0,2
BRDA:10,3,0,1
BRDA:16,4,0,3
BRDA:20,5,0,1
BRDA:24,6,0,0
BRF:7
BRH:4
end_of_record
TN:
SF:standard/globalify/index.ts
FNF:0
FNH:0
DA:1,1
DA:2,1
DA:3,1
DA:4,1
DA:5,1
DA:6,1
LF:6
LH:6
BRF:0
BRH:0
end_of_record
